<?xml version="1.0" encoding="UTF-8"?><testsuite errors="0" failures="0" name="com.req.res.userinfo.UserCRUDTest" skipped="0" tests="4" time="18.61" timestamp="2020-05-20T06:57:03.146+01:00[Europe/London]"><testcase classname="com.req.res.userinfo.UserCRUDTest" name="This test will create a new user record and verify its generated"/><testcase classname="com.req.res.userinfo.UserCRUDTest" name="This test will get user from the list"/><testcase classname="com.req.res.userinfo.UserCRUDTest" name="This test will update single user and verify its updated"/><testcase classname="com.req.res.userinfo.UserCRUDTest" name="This test will delete single user "/></testsuite>